0 info it worked if it ends with ok
1 verbose cli [ 'C:\\Program Files\\nodejs\\node.exe',
1 verbose cli   'C:\\Users\\pinup\\AppData\\Roaming\\npm\\node_modules\\npm\\bin\\npm-cli.js',
1 verbose cli   'publish' ]
2 info using npm@4.1.1
3 info using node@v4.4.4
4 verbose publish [ '.' ]
5 silly cache add args [ '.', null ]
6 verbose cache add spec .
7 silly cache add parsed spec Result {
7 silly cache add   raw: '.',
7 silly cache add   scope: null,
7 silly cache add   escapedName: null,
7 silly cache add   name: null,
7 silly cache add   rawSpec: '.',
7 silly cache add   spec: 'C:\\Users\\pinup\\Desktop\\code\\sailendra_node\\sailendra_calculator',
7 silly cache add   type: 'directory' }
8 verbose addLocalDirectory C:\Users\pinup\AppData\Roaming\npm-cache\sailendra_calculator\1.0.0\package.tgz not in flight; packing
9 verbose correctMkdir C:\Users\pinup\AppData\Roaming\npm-cache correctMkdir not in flight; initializing
10 info lifecycle sailendra_calculator@1.0.0~prepublish: sailendra_calculator@1.0.0
11 silly lifecycle sailendra_calculator@1.0.0~prepublish: no script for prepublish, continuing
12 info lifecycle sailendra_calculator@1.0.0~prepare: sailendra_calculator@1.0.0
13 silly lifecycle sailendra_calculator@1.0.0~prepare: no script for prepare, continuing
14 verbose tar pack [ 'C:\\Users\\pinup\\AppData\\Roaming\\npm-cache\\sailendra_calculator\\1.0.0\\package.tgz',
14 verbose tar pack   'C:\\Users\\pinup\\Desktop\\code\\sailendra_node\\sailendra_calculator' ]
15 verbose tarball C:\Users\pinup\AppData\Roaming\npm-cache\sailendra_calculator\1.0.0\package.tgz
16 verbose folder C:\Users\pinup\Desktop\code\sailendra_node\sailendra_calculator
17 verbose addLocalTarball adding from inside cache C:\Users\pinup\AppData\Roaming\npm-cache\sailendra_calculator\1.0.0\package.tgz
18 verbose correctMkdir C:\Users\pinup\AppData\Roaming\npm-cache correctMkdir not in flight; initializing
19 silly cache afterAdd sailendra_calculator@1.0.0
20 verbose afterAdd C:\Users\pinup\AppData\Roaming\npm-cache\sailendra_calculator\1.0.0\package\package.json not in flight; writing
21 verbose correctMkdir C:\Users\pinup\AppData\Roaming\npm-cache correctMkdir not in flight; initializing
22 verbose afterAdd C:\Users\pinup\AppData\Roaming\npm-cache\sailendra_calculator\1.0.0\package\package.json written
23 silly publish { name: 'sailendra_calculator',
23 silly publish   version: '1.0.0',
23 silly publish   description: 'Sailendra\'s Calculator',
23 silly publish   main: 'index.js',
23 silly publish   scripts: { test: 'echo "Error: no test specified" && exit 1' },
23 silly publish   repository:
23 silly publish    { type: 'git',
23 silly publish      url: 'git+https://github.com/spinupol/sailendra_calculator.git' },
23 silly publish   keywords: [ 'calculator', 'sailendra', 'pinupolu' ],
23 silly publish   author:
23 silly publish    { name: 'Sailendra Pinupolu',
23 silly publish      email: 'spinupol@gmail.com',
23 silly publish      url: 'http://www.pinupolu.com' },
23 silly publish   license: 'ISC',
23 silly publish   bugs: { url: 'https://github.com/spinupol/sailendra_calculator/issues' },
23 silly publish   homepage: 'https://github.com/spinupol/sailendra_calculator#readme',
23 silly publish   readme: '"# sailendra_calculator" \r\n',
23 silly publish   readmeFilename: 'README.md',
23 silly publish   gitHead: 'ee50c71cc1127ce960b1f638ce9ca235ce4300c4',
23 silly publish   _id: 'sailendra_calculator@1.0.0',
23 silly publish   _shasum: 'd1c05c231c3da8e71477e36551c8f0bd474dea17',
23 silly publish   _from: '.' }
24 info lifecycle sailendra_calculator@1.0.0~prepublishOnly: sailendra_calculator@1.0.0
25 silly lifecycle sailendra_calculator@1.0.0~prepublishOnly: no script for prepublishOnly, continuing
26 verbose getPublishConfig undefined
27 silly mapToRegistry name sailendra_calculator
28 silly mapToRegistry using default registry
29 silly mapToRegistry registry https://registry.npmjs.org/
30 silly mapToRegistry data Result {
30 silly mapToRegistry   raw: 'sailendra_calculator',
30 silly mapToRegistry   scope: null,
30 silly mapToRegistry   escapedName: 'sailendra_calculator',
30 silly mapToRegistry   name: 'sailendra_calculator',
30 silly mapToRegistry   rawSpec: '',
30 silly mapToRegistry   spec: 'latest',
30 silly mapToRegistry   type: 'tag' }
31 silly mapToRegistry uri https://registry.npmjs.org/sailendra_calculator
32 verbose publish registryBase https://registry.npmjs.org/
33 silly publish uploading C:\Users\pinup\AppData\Roaming\npm-cache\sailendra_calculator\1.0.0\package.tgz
34 verbose request uri https://registry.npmjs.org/sailendra_calculator
35 verbose request sending authorization for write operation
36 info attempt registry request try #1 at 10:30:49 PM
37 verbose request using bearer token for auth
38 verbose request id 6964479185ab7f62
39 http request PUT https://registry.npmjs.org/sailendra_calculator
40 http 403 https://registry.npmjs.org/sailendra_calculator
41 verbose headers { 'content-type': 'application/json',
41 verbose headers   'cache-control': 'max-age=300',
41 verbose headers   'content-length': '95',
41 verbose headers   'accept-ranges': 'bytes',
41 verbose headers   date: 'Mon, 23 Jan 2017 03:30:51 GMT',
41 verbose headers   via: '1.1 varnish',
41 verbose headers   connection: 'keep-alive',
41 verbose headers   'x-served-by': 'cache-iad2125-IAD',
41 verbose headers   'x-cache': 'MISS',
41 verbose headers   'x-cache-hits': '0',
41 verbose headers   'x-timer': 'S1485142251.075129,VS0,VE798',
41 verbose headers   vary: 'Accept-Encoding' }
42 verbose request invalidating C:\Users\pinup\AppData\Roaming\npm-cache\registry.npmjs.org\sailendra_calculator on PUT
43 error publish Failed PUT 403
44 verbose stack Error: "You cannot publish over the previously published version 1.0.0." : sailendra_calculator
44 verbose stack     at makeError (C:\Users\pinup\AppData\Roaming\npm\node_modules\npm\node_modules\npm-registry-client\lib\request.js:304:12)
44 verbose stack     at CachingRegistryClient.<anonymous> (C:\Users\pinup\AppData\Roaming\npm\node_modules\npm\node_modules\npm-registry-client\lib\request.js:292:14)
44 verbose stack     at Request._callback (C:\Users\pinup\AppData\Roaming\npm\node_modules\npm\node_modules\npm-registry-client\lib\request.js:212:14)
44 verbose stack     at Request.self.callback (C:\Users\pinup\AppData\Roaming\npm\node_modules\npm\node_modules\request\request.js:186:22)
44 verbose stack     at emitTwo (events.js:87:13)
44 verbose stack     at Request.emit (events.js:172:7)
44 verbose stack     at Request.<anonymous> (C:\Users\pinup\AppData\Roaming\npm\node_modules\npm\node_modules\request\request.js:1081:10)
44 verbose stack     at emitOne (events.js:77:13)
44 verbose stack     at Request.emit (events.js:169:7)
44 verbose stack     at IncomingMessage.<anonymous> (C:\Users\pinup\AppData\Roaming\npm\node_modules\npm\node_modules\request\request.js:1001:12)
45 verbose statusCode 403
46 verbose pkgid sailendra_calculator
47 verbose cwd C:\Users\pinup\Desktop\code\sailendra_node\sailendra_calculator
48 error Windows_NT 10.0.14393
49 error argv "C:\\Program Files\\nodejs\\node.exe" "C:\\Users\\pinup\\AppData\\Roaming\\npm\\node_modules\\npm\\bin\\npm-cli.js" "publish"
50 error node v4.4.4
51 error npm  v4.1.1
52 error code E403
53 error "You cannot publish over the previously published version 1.0.0." : sailendra_calculator
54 error If you need help, you may report this error at:
54 error     <https://github.com/npm/npm/issues>
55 verbose exit [ 1, true ]
